16:00:06 [jersey-client-async-executor-0] ERROR com.helger.css.handler.LoggingCSSParseExceptionCallback - Failed to parse CSS: [8106:14] Encountered text '.' corresponding to token ".". Was expecting one of: <S>, ":"
16:00:08 [main] STEP  JDI - Click on 'User Icon'
16:00:08 [main] STEP  JDI - Click on 'User Icon'
16:00:08 [main] STEP  JDI - Login as User(name:Roman; password:Jdi1234)
16:00:08 [main] STEP  JDI - Login as User(name:Roman; password:Jdi1234)
16:00:14 [jersey-client-async-executor-0] ERROR com.helger.css.handler.LoggingCSSParseExceptionCallback - Failed to parse CSS: [8106:14] Encountered text '.' corresponding to token ".". Was expecting one of: <S>, ":"
16:00:16 [main] STEP  JDI - Open 'Marvelous Page'(url=https://jdi-testing.github.io/jdi-light/contacts.html)
16:00:16 [main] STEP  JDI - Open 'Marvelous Page'(url=https://jdi-testing.github.io/jdi-light/contacts.html)
16:00:16 [main] STEP  JDI - Page: Marvelous Page
16:00:16 [main] STEP  JDI - Page: Marvelous Page
16:00:21 [jersey-client-async-executor-0] ERROR com.helger.css.handler.LoggingCSSParseExceptionCallback - Failed to parse CSS: [8106:14] Encountered text '.' corresponding to token ".". Was expecting one of: <S>, ":"
16:02:00 [main] STEP  JDI - Get Users Data rows count
16:02:00 [main] STEP  JDI - Get Users Data rows count
16:02:27 [main] STEP  JDI - Open 'Home Page'(url=https://jdi-testing.github.io/jdi-light/index.html)
16:02:27 [main] STEP  JDI - Open 'Home Page'(url=https://jdi-testing.github.io/jdi-light/index.html)
16:02:28 [main] INFO  io.github.bonigarcia.wdm.WebDriverManager - Using chromedriver 78.0.3904.70 (since Google Chrome 78 is installed in your machine)
16:02:28 [main] INFO  io.github.bonigarcia.wdm.WebDriverManager - Exporting webdriver.chrome.driver as C:\Users\roman_iovlev\.m2\repository\webdriver\chromedriver\win32\78.0.3904.70\chromedriver.exe
16:02:33 [main] STEP  JDI - Page: Home Page
16:02:33 [main] STEP  JDI - Page: Home Page
16:02:43 [jersey-client-async-executor-0] ERROR com.helger.css.handler.LoggingCSSParseExceptionCallback - Failed to parse CSS: [8106:14] Encountered text '.' corresponding to token ".". Was expecting one of: <S>, ":"
16:02:45 [main] STEP  JDI - Click on 'User Icon'
16:02:45 [main] STEP  JDI - Click on 'User Icon'
16:02:46 [main] STEP  JDI - Login as User(name:Roman; password:Jdi1234)
16:02:46 [main] STEP  JDI - Login as User(name:Roman; password:Jdi1234)
16:02:53 [jersey-client-async-executor-0] ERROR com.helger.css.handler.LoggingCSSParseExceptionCallback - Failed to parse CSS: [8106:14] Encountered text '.' corresponding to token ".". Was expecting one of: <S>, ":"
16:02:54 [main] STEP  JDI - Open 'Marvelous Page'(url=https://jdi-testing.github.io/jdi-light/user-table.html)
16:02:54 [main] STEP  JDI - Open 'Marvelous Page'(url=https://jdi-testing.github.io/jdi-light/user-table.html)
16:02:55 [main] STEP  JDI - Page: Marvelous Page
16:02:55 [main] STEP  JDI - Page: Marvelous Page
16:02:59 [jersey-client-async-executor-0] ERROR com.helger.css.handler.LoggingCSSParseExceptionCallback - Failed to parse CSS: [8106:14] Encountered text '.' corresponding to token ".". Was expecting one of: <S>, ":"
16:03:13 [main] STEP  JDI - Get all 'Users Data' table rows that match criteria
16:03:13 [main] STEP  JDI - Get all 'Users Data' table rows that match criteria
16:03:16 [main] STEP  JDI - >>> [MarvelUserInfo(number:1; type:       Admin
       User
       Manager...
16:03:16 [main] STEP  JDI - >>> [MarvelUserInfo(number:1; type:       Admin
       User
       Manager...
16:03:22 [main] STEP  JDI - Get Users Data rows count
16:03:22 [main] STEP  JDI - Get Users Data rows count
16:03:22 [main] STEP  JDI - >>> 6
16:03:22 [main] STEP  JDI - >>> 6
16:03:22 [main] STEP  JDI - Assert that 'Users Data' has exactly '6' rows that meet expected condition
16:03:22 [main] STEP  JDI - Assert that 'Users Data' has exactly '6' rows that meet expected condition
16:03:25 [main] STEP  JDI - Assert that 'Users Data' has exactly '0' rows that meet expected condition
16:03:25 [main] STEP  JDI - Assert that 'Users Data' has exactly '0' rows that meet expected condition
16:03:27 [main] STEP  JDI - Assert that 'Users Data' has at least '3' rows that meet expected condition
16:03:27 [main] STEP  JDI - Assert that 'Users Data' has at least '3' rows that meet expected condition
16:03:29 [main] STEP  JDI - Assert that 'Users Data' has exactly '2' rows that meet expected condition
16:03:29 [main] STEP  JDI - Assert that 'Users Data' has exactly '2' rows that meet expected condition
16:03:31 [main] STEP  JDI - Assert that 'Users Data' has exactly '1' 'MarvelUserInfo(number:2; type:User; user:Sergey Ivan; description:Spider Man:Dude)'
16:03:31 [main] STEP  JDI - Assert that 'Users Data' has exactly '1' 'MarvelUserInfo(number:2; type:User; user:Sergey Ivan; description:Spider Man:Dude)'
16:04:42 [main] STEP  JDI - Open 'Home Page'(url=https://jdi-testing.github.io/jdi-light/index.html)
16:04:42 [main] STEP  JDI - Open 'Home Page'(url=https://jdi-testing.github.io/jdi-light/index.html)
16:04:44 [main] INFO  io.github.bonigarcia.wdm.WebDriverManager - Using chromedriver 78.0.3904.70 (since Google Chrome 78 is installed in your machine)
16:04:44 [main] INFO  io.github.bonigarcia.wdm.WebDriverManager - Exporting webdriver.chrome.driver as C:\Users\roman_iovlev\.m2\repository\webdriver\chromedriver\win32\78.0.3904.70\chromedriver.exe
16:04:49 [main] STEP  JDI - Page: Home Page
16:04:49 [main] STEP  JDI - Page: Home Page
16:04:58 [jersey-client-async-executor-0] ERROR com.helger.css.handler.LoggingCSSParseExceptionCallback - Failed to parse CSS: [8106:14] Encountered text '.' corresponding to token ".". Was expecting one of: <S>, ":"
16:05:02 [jersey-client-async-executor-0] ERROR com.helger.css.handler.LoggingCSSParseExceptionCallback - Failed to parse CSS: [8106:14] Encountered text '.' corresponding to token ".". Was expecting one of: <S>, ":"
16:05:04 [main] STEP  JDI - Click on 'User Icon'
16:05:04 [main] STEP  JDI - Click on 'User Icon'
16:05:05 [main] STEP  JDI - Login as User(name:Roman; password:Jdi1234)
16:05:05 [main] STEP  JDI - Login as User(name:Roman; password:Jdi1234)
16:05:11 [jersey-client-async-executor-0] ERROR com.helger.css.handler.LoggingCSSParseExceptionCallback - Failed to parse CSS: [8106:14] Encountered text '.' corresponding to token ".". Was expecting one of: <S>, ":"
16:05:12 [main] STEP  JDI - Open 'Marvelous Page'(url=https://jdi-testing.github.io/jdi-light/user-table.html)
16:05:12 [main] STEP  JDI - Open 'Marvelous Page'(url=https://jdi-testing.github.io/jdi-light/user-table.html)
16:05:12 [main] STEP  JDI - Page: Marvelous Page
16:05:12 [main] STEP  JDI - Page: Marvelous Page
16:05:17 [jersey-client-async-executor-0] ERROR com.helger.css.handler.LoggingCSSParseExceptionCallback - Failed to parse CSS: [8106:14] Encountered text '.' corresponding to token ".". Was expecting one of: <S>, ":"
16:05:38 [main] STEP  JDI - Get row '2' for 'Users Data' table
16:05:38 [main] STEP  JDI - Get row '2' for 'Users Data' table
16:05:39 [main] STEP  JDI - >>> MarvelUserInfo(number:2; type:       Admin
       User
       Manager
...
16:05:39 [main] STEP  JDI - >>> MarvelUserInfo(number:2; type:       Admin
       User
       Manager
...
16:06:08 [main] STEP  JDI - Get row '2' for 'Users Data' table
16:06:08 [main] STEP  JDI - Get row '2' for 'Users Data' table
16:06:08 [main] STEP  JDI - >>> MarvelUserInfo(number:2; type:       Admin
       User
       Manager
...
16:06:08 [main] STEP  JDI - >>> MarvelUserInfo(number:2; type:       Admin
       User
       Manager
...
16:06:36 [main] STEP  JDI - Get row '2' for 'User Table' table
16:06:36 [main] STEP  JDI - Get row '2' for 'User Table' table
16:06:37 [main] STEP  JDI - >>> MarvelUserInfo(number:2; type:User; user:Sergey Ivan; description:Spid...
16:06:37 [main] STEP  JDI - >>> MarvelUserInfo(number:2; type:User; user:Sergey Ivan; description:Spid...
16:06:41 [main] STEP  JDI - Get row '2' for 'User Table' table
16:06:41 [main] STEP  JDI - Get row '2' for 'User Table' table
16:06:41 [main] STEP  JDI - >>> MarvelUserInfo(number:2; type:User; user:Sergey Ivan; description:Spid...
16:06:41 [main] STEP  JDI - >>> MarvelUserInfo(number:2; type:User; user:Sergey Ivan; description:Spid...
16:06:46 [main] STEP  JDI - Get Users Data rows count
16:06:46 [main] STEP  JDI - Get Users Data rows count
16:06:46 [main] STEP  JDI - >>> 6
16:06:46 [main] STEP  JDI - >>> 6
16:06:46 [main] STEP  JDI - Assert that 'Users Data' has exactly '6' rows that meet expected condition
16:06:46 [main] STEP  JDI - Assert that 'Users Data' has exactly '6' rows that meet expected condition
16:07:18 [main] STEP  JDI - Open 'Home Page'(url=https://jdi-testing.github.io/jdi-light/index.html)
16:07:18 [main] STEP  JDI - Open 'Home Page'(url=https://jdi-testing.github.io/jdi-light/index.html)
16:07:19 [main] INFO  io.github.bonigarcia.wdm.WebDriverManager - Using chromedriver 78.0.3904.70 (since Google Chrome 78 is installed in your machine)
16:07:19 [main] INFO  io.github.bonigarcia.wdm.WebDriverManager - Exporting webdriver.chrome.driver as C:\Users\roman_iovlev\.m2\repository\webdriver\chromedriver\win32\78.0.3904.70\chromedriver.exe
16:07:24 [main] STEP  JDI - Page: Home Page
16:07:24 [main] STEP  JDI - Page: Home Page
16:07:30 [jersey-client-async-executor-0] ERROR com.helger.css.handler.LoggingCSSParseExceptionCallback - Failed to parse CSS: [8106:14] Encountered text '.' corresponding to token ".". Was expecting one of: <S>, ":"
16:07:34 [main] STEP  JDI - Click on 'User Icon'
16:07:34 [main] STEP  JDI - Click on 'User Icon'
16:07:34 [main] STEP  JDI - Login as User(name:Roman; password:Jdi1234)
16:07:34 [main] STEP  JDI - Login as User(name:Roman; password:Jdi1234)
16:07:39 [jersey-client-async-executor-0] ERROR com.helger.css.handler.LoggingCSSParseExceptionCallback - Failed to parse CSS: [8106:14] Encountered text '.' corresponding to token ".". Was expecting one of: <S>, ":"
16:07:41 [main] STEP  JDI - Open 'Marvelous Page'(url=https://jdi-testing.github.io/jdi-light/user-table.html)
16:07:41 [main] STEP  JDI - Open 'Marvelous Page'(url=https://jdi-testing.github.io/jdi-light/user-table.html)
16:07:41 [main] STEP  JDI - Page: Marvelous Page
16:07:41 [main] STEP  JDI - Page: Marvelous Page
16:07:44 [jersey-client-async-executor-0] ERROR com.helger.css.handler.LoggingCSSParseExceptionCallback - Failed to parse CSS: [8106:14] Encountered text '.' corresponding to token ".". Was expecting one of: <S>, ":"
16:07:46 [main] STEP  JDI - Get User Table rows count
16:07:46 [main] STEP  JDI - Get User Table rows count
16:07:46 [main] STEP  JDI - >>> 6
16:07:46 [main] STEP  JDI - >>> 6
16:07:46 [main] STEP  JDI - Assert that 'User Table' has exactly '6' rows that meet expected condition
16:07:46 [main] STEP  JDI - Assert that 'User Table' has exactly '6' rows that meet expected condition
16:07:52 [main] STEP  JDI - Assert that 'User Table' has exactly '0' rows that meet expected condition
16:07:52 [main] STEP  JDI - Assert that 'User Table' has exactly '0' rows that meet expected condition
16:07:56 [main] STEP  JDI - Assert that 'User Table' has at least '3' rows that meet expected condition
16:07:56 [main] STEP  JDI - Assert that 'User Table' has at least '3' rows that meet expected condition
16:07:59 [main] STEP  JDI - Assert that 'User Table' has exactly '2' rows that meet expected condition
16:07:59 [main] STEP  JDI - Assert that 'User Table' has exactly '2' rows that meet expected condition
16:08:04 [main] STEP  JDI - Assert that 'User Table' has exactly '1' 'MarvelUserInfo(number:2; type:User; user:Sergey Ivan; description:Spider Man:Dude)'
16:08:04 [main] STEP  JDI - Assert that 'User Table' has exactly '1' 'MarvelUserInfo(number:2; type:User; user:Sergey Ivan; description:Spider Man:Dude)'
