15:52:33 [main] STEP  JDI - Open 'Home Page'(url=https://jdi-testing.github.io/jdi-light/index.html)
15:52:33 [main] STEP  JDI - Open 'Home Page'(url=https://jdi-testing.github.io/jdi-light/index.html)
15:52:34 [main] INFO  io.github.bonigarcia.wdm.WebDriverManager - Using chromedriver 78.0.3904.70 (since Google Chrome 78 is installed in your machine)
15:52:34 [main] INFO  io.github.bonigarcia.wdm.WebDriverManager - Exporting webdriver.chrome.driver as C:\Users\roman_iovlev\.m2\repository\webdriver\chromedriver\win32\78.0.3904.70\chromedriver.exe
15:52:39 [main] STEP  JDI - Page: Home Page
15:52:39 [main] STEP  JDI - Page: Home Page
15:52:48 [jersey-client-async-executor-0] ERROR com.helger.css.handler.LoggingCSSParseExceptionCallback - Failed to parse CSS: [8106:14] Encountered text '.' corresponding to token ".". Was expecting one of: <S>, ":"
15:52:50 [main] STEP  JDI - Click on 'User Icon'
15:52:50 [main] STEP  JDI - Click on 'User Icon'
15:52:51 [main] STEP  JDI - Login as User(name:Roman; password:Jdi1234)
15:52:51 [main] STEP  JDI - Login as User(name:Roman; password:Jdi1234)
15:53:30 [jersey-client-async-executor-0] ERROR com.helger.css.handler.LoggingCSSParseExceptionCallback - Failed to parse CSS: [8106:14] Encountered text '.' corresponding to token ".". Was expecting one of: <S>, ":"
15:53:32 [main] STEP  JDI - Open 'Marvelous Page'(url=https://jdi-testing.github.io/jdi-light/contacts.html)
15:53:32 [main] STEP  JDI - Open 'Marvelous Page'(url=https://jdi-testing.github.io/jdi-light/contacts.html)
15:53:32 [main] STEP  JDI - Page: Marvelous Page
15:53:32 [main] STEP  JDI - Page: Marvelous Page
15:53:37 [jersey-client-async-executor-0] ERROR com.helger.css.handler.LoggingCSSParseExceptionCallback - Failed to parse CSS: [8106:14] Encountered text '.' corresponding to token ".". Was expecting one of: <S>, ":"
15:54:03 [main] STEP  JDI - Get all 'Users Data' rows
15:54:03 [main] STEP  JDI - Get all 'Users Data' rows
15:54:03 [main] STEP  JDI - >>> []
15:54:03 [main] STEP  JDI - >>> []
15:54:14 [main] STEP  JDI - Get all 'Users Data' rows
15:54:14 [main] STEP  JDI - Get all 'Users Data' rows
15:54:19 [main] STEP  JDI - >>> ||X||Number|Type|User|Description||

15:54:19 [main] STEP  JDI - >>> ||X||Number|Type|User|Description||

15:54:22 [main] STEP  JDI - Preview 'Users Data' table
15:54:22 [main] STEP  JDI - Preview 'Users Data' table
15:54:44 [main] STEP  JDI - Get all 'Users Data' table rows that match criteria
15:54:44 [main] STEP  JDI - Get all 'Users Data' table rows that match criteria
15:54:44 [main] STEP  JDI - >>> []
15:54:44 [main] STEP  JDI - >>> []
15:54:52 [main] STEP  JDI - Get all 'Users Data' table rows that match criteria
15:54:52 [main] STEP  JDI - Get all 'Users Data' table rows that match criteria
15:54:52 [main] STEP  JDI - >>> []
15:54:52 [main] STEP  JDI - >>> []
15:55:33 [main] STEP  JDI - Get all 'Users Data' table rows that match criteria
15:55:33 [main] STEP  JDI - Get all 'Users Data' table rows that match criteria
15:55:33 [main] STEP  JDI - >>> []
15:55:33 [main] STEP  JDI - >>> []
15:55:41 [main] STEP  JDI - Get Users Data rows count
15:55:41 [main] STEP  JDI - Get Users Data rows count
15:55:41 [main] STEP  JDI - >>> 0
15:55:41 [main] STEP  JDI - >>> 0
15:55:56 [main] STEP  JDI - Get Users Data rows count
15:55:56 [main] STEP  JDI - Get Users Data rows count
15:56:19 [main] STEP  JDI - Open 'Home Page'(url=https://jdi-testing.github.io/jdi-light/index.html)
15:56:19 [main] STEP  JDI - Open 'Home Page'(url=https://jdi-testing.github.io/jdi-light/index.html)
15:56:20 [main] INFO  io.github.bonigarcia.wdm.WebDriverManager - Using chromedriver 78.0.3904.70 (since Google Chrome 78 is installed in your machine)
15:56:20 [main] INFO  io.github.bonigarcia.wdm.WebDriverManager - Exporting webdriver.chrome.driver as C:\Users\roman_iovlev\.m2\repository\webdriver\chromedriver\win32\78.0.3904.70\chromedriver.exe
15:56:26 [main] STEP  JDI - Page: Home Page
15:56:26 [main] STEP  JDI - Page: Home Page
15:56:35 [jersey-client-async-executor-0] ERROR com.helger.css.handler.LoggingCSSParseExceptionCallback - Failed to parse CSS: [8106:14] Encountered text '.' corresponding to token ".". Was expecting one of: <S>, ":"
15:56:38 [main] STEP  JDI - Click on 'User Icon'
15:56:38 [main] STEP  JDI - Click on 'User Icon'
15:56:38 [main] STEP  JDI - Login as User(name:Roman; password:Jdi1234)
15:56:38 [main] STEP  JDI - Login as User(name:Roman; password:Jdi1234)
15:56:52 [main] STEP  JDI - Get User Table rows count
15:56:52 [main] STEP  JDI - Get User Table rows count
15:56:53 [main] STEP  JDI - >>> 0
15:56:53 [main] STEP  JDI - >>> 0
15:59:51 [main] STEP  JDI - Open 'Home Page'(url=https://jdi-testing.github.io/jdi-light/index.html)
15:59:51 [main] STEP  JDI - Open 'Home Page'(url=https://jdi-testing.github.io/jdi-light/index.html)
15:59:53 [main] INFO  io.github.bonigarcia.wdm.WebDriverManager - Using chromedriver 78.0.3904.70 (since Google Chrome 78 is installed in your machine)
15:59:53 [main] INFO  io.github.bonigarcia.wdm.WebDriverManager - Exporting webdriver.chrome.driver as C:\Users\roman_iovlev\.m2\repository\webdriver\chromedriver\win32\78.0.3904.70\chromedriver.exe
15:59:57 [main] STEP  JDI - Page: Home Page
15:59:57 [main] STEP  JDI - Page: Home Page
