16:14:05 [main] STEP  JDI - Open 'Home Page'(url=https://jdi-testing.github.io/jdi-light/index.html)
16:14:05 [main] STEP  JDI - Open 'Home Page'(url=https://jdi-testing.github.io/jdi-light/index.html)
16:14:06 [main] INFO  io.github.bonigarcia.wdm.WebDriverManager - Using chromedriver 78.0.3904.70 (since Google Chrome 78 is installed in your machine)
16:14:06 [main] INFO  io.github.bonigarcia.wdm.WebDriverManager - Exporting webdriver.chrome.driver as C:\Users\roman_iovlev\.m2\repository\webdriver\chromedriver\win32\78.0.3904.70\chromedriver.exe
16:14:11 [main] STEP  JDI - Page: Home Page
16:14:11 [main] STEP  JDI - Page: Home Page
16:14:18 [jersey-client-async-executor-0] ERROR com.helger.css.handler.LoggingCSSParseExceptionCallback - Failed to parse CSS: [8106:14] Encountered text '.' corresponding to token ".". Was expecting one of: <S>, ":"
16:14:21 [main] STEP  JDI - Click on 'User Icon'
16:14:21 [main] STEP  JDI - Click on 'User Icon'
16:14:22 [main] STEP  JDI - Login as User(name:Roman; password:Jdi1234)
16:14:22 [main] STEP  JDI - Login as User(name:Roman; password:Jdi1234)
16:14:26 [jersey-client-async-executor-0] ERROR com.helger.css.handler.LoggingCSSParseExceptionCallback - Failed to parse CSS: [8106:14] Encountered text '.' corresponding to token ".". Was expecting one of: <S>, ":"
16:14:30 [jersey-client-async-executor-0] ERROR com.helger.css.handler.LoggingCSSParseExceptionCallback - Failed to parse CSS: [8106:14] Encountered text '.' corresponding to token ".". Was expecting one of: <S>, ":"
16:14:33 [jersey-client-async-executor-0] ERROR com.helger.css.handler.LoggingCSSParseExceptionCallback - Failed to parse CSS: [8106:14] Encountered text '.' corresponding to token ".". Was expecting one of: <S>, ":"
16:14:38 [jersey-client-async-executor-0] ERROR com.helger.css.handler.LoggingCSSParseExceptionCallback - Failed to parse CSS: [8106:14] Encountered text '.' corresponding to token ".". Was expecting one of: <S>, ":"
16:14:42 [jersey-client-async-executor-0] ERROR com.helger.css.handler.LoggingCSSParseExceptionCallback - Failed to parse CSS: [8106:14] Encountered text '.' corresponding to token ".". Was expecting one of: <S>, ":"
16:14:44 [main] STEP  JDI - Open 'Marvelous Page'(url=https://jdi-testing.github.io/jdi-light/user-table.html)
16:14:44 [main] STEP  JDI - Open 'Marvelous Page'(url=https://jdi-testing.github.io/jdi-light/user-table.html)
16:14:44 [main] STEP  JDI - Page: Marvelous Page
16:14:44 [main] STEP  JDI - Page: Marvelous Page
16:14:48 [jersey-client-async-executor-0] ERROR com.helger.css.handler.LoggingCSSParseExceptionCallback - Failed to parse CSS: [8106:14] Encountered text '.' corresponding to token ".". Was expecting one of: <S>, ":"
16:14:50 [main] STEP  JDI - Get User Table rows count
16:14:50 [main] STEP  JDI - Get User Table rows count
16:14:51 [main] STEP  JDI - >>> 6
16:14:51 [main] STEP  JDI - >>> 6
16:14:51 [main] STEP  JDI - Assert that 'User Table' has exactly '6' rows that meet expected condition
16:14:51 [main] STEP  JDI - Assert that 'User Table' has exactly '6' rows that meet expected condition
16:14:56 [main] STEP  JDI - Assert that 'User Table' has exactly '0' rows that meet expected condition
16:14:56 [main] STEP  JDI - Assert that 'User Table' has exactly '0' rows that meet expected condition
16:15:00 [main] STEP  JDI - Assert that 'User Table' has at least '3' rows that meet expected condition
16:15:00 [main] STEP  JDI - Assert that 'User Table' has at least '3' rows that meet expected condition
16:15:03 [main] STEP  JDI - Assert that 'User Table' has exactly '2' rows that meet expected condition
16:15:03 [main] STEP  JDI - Assert that 'User Table' has exactly '2' rows that meet expected condition
16:15:07 [main] STEP  JDI - Assert that 'User Table' has exactly '1' 'MarvelUserInfo(number:2; type:User; user:Sergey Ivan; description:Spider Man:Dude)'
16:15:07 [main] STEP  JDI - Assert that 'User Table' has exactly '1' 'MarvelUserInfo(number:2; type:User; user:Sergey Ivan; description:Spider Man:Dude)'
16:17:20 [main] STEP  JDI - Open 'Home Page'(url=https://jdi-testing.github.io/jdi-light/index.html)
16:17:20 [main] STEP  JDI - Open 'Home Page'(url=https://jdi-testing.github.io/jdi-light/index.html)
16:17:22 [main] INFO  io.github.bonigarcia.wdm.WebDriverManager - Using chromedriver 78.0.3904.70 (since Google Chrome 78 is installed in your machine)
16:17:22 [main] INFO  io.github.bonigarcia.wdm.WebDriverManager - Exporting webdriver.chrome.driver as C:\Users\roman_iovlev\.m2\repository\webdriver\chromedriver\win32\78.0.3904.70\chromedriver.exe
16:17:27 [main] STEP  JDI - Page: Home Page
16:17:27 [main] STEP  JDI - Page: Home Page
16:17:35 [jersey-client-async-executor-0] ERROR com.helger.css.handler.LoggingCSSParseExceptionCallback - Failed to parse CSS: [8106:14] Encountered text '.' corresponding to token ".". Was expecting one of: <S>, ":"
16:17:38 [main] STEP  JDI - Click on 'User Icon'
16:17:38 [main] STEP  JDI - Click on 'User Icon'
16:17:39 [main] STEP  JDI - Login as User(name:Roman; password:Jdi1234)
16:17:39 [main] STEP  JDI - Login as User(name:Roman; password:Jdi1234)
16:19:07 [jersey-client-async-executor-0] ERROR com.helger.css.handler.LoggingCSSParseExceptionCallback - Failed to parse CSS: [8106:14] Encountered text '.' corresponding to token ".". Was expecting one of: <S>, ":"
16:19:12 [jersey-client-async-executor-0] ERROR com.helger.css.handler.LoggingCSSParseExceptionCallback - Failed to parse CSS: [8106:14] Encountered text '.' corresponding to token ".". Was expecting one of: <S>, ":"
16:19:15 [jersey-client-async-executor-0] ERROR com.helger.css.handler.LoggingCSSParseExceptionCallback - Failed to parse CSS: [8106:14] Encountered text '.' corresponding to token ".". Was expecting one of: <S>, ":"
16:19:20 [jersey-client-async-executor-0] ERROR com.helger.css.handler.LoggingCSSParseExceptionCallback - Failed to parse CSS: [8106:14] Encountered text '.' corresponding to token ".". Was expecting one of: <S>, ":"
16:19:25 [jersey-client-async-executor-0] ERROR com.helger.css.handler.LoggingCSSParseExceptionCallback - Failed to parse CSS: [8106:14] Encountered text '.' corresponding to token ".". Was expecting one of: <S>, ":"
16:19:26 [main] STEP  JDI - Open 'Marvelous Page'(url=https://jdi-testing.github.io/jdi-light/user-table.html)
16:19:26 [main] STEP  JDI - Open 'Marvelous Page'(url=https://jdi-testing.github.io/jdi-light/user-table.html)
16:19:26 [main] STEP  JDI - Page: Marvelous Page
16:19:26 [main] STEP  JDI - Page: Marvelous Page
16:19:31 [jersey-client-async-executor-0] ERROR com.helger.css.handler.LoggingCSSParseExceptionCallback - Failed to parse CSS: [8106:14] Encountered text '.' corresponding to token ".". Was expecting one of: <S>, ":"
16:19:33 [main] STEP  JDI - Get User Table rows count
16:19:33 [main] STEP  JDI - Get User Table rows count
16:19:33 [main] STEP  JDI - >>> 6
16:19:33 [main] STEP  JDI - >>> 6
16:19:33 [main] STEP  JDI - Assert that 'User Table' has exactly '6' rows that meet expected condition
16:19:33 [main] STEP  JDI - Assert that 'User Table' has exactly '6' rows that meet expected condition
16:19:38 [main] STEP  JDI - Assert that 'User Table' has exactly '0' rows that meet expected condition
16:19:38 [main] STEP  JDI - Assert that 'User Table' has exactly '0' rows that meet expected condition
16:19:43 [main] STEP  JDI - Assert that 'User Table' has at least '3' rows that meet expected condition
16:19:43 [main] STEP  JDI - Assert that 'User Table' has at least '3' rows that meet expected condition
16:19:46 [main] STEP  JDI - Assert that 'User Table' has exactly '2' rows that meet expected condition
16:19:46 [main] STEP  JDI - Assert that 'User Table' has exactly '2' rows that meet expected condition
16:19:51 [main] STEP  JDI - Assert that 'User Table' has exactly '1' 'MarvelUserInfo(number:2; type:User; user:Sergey Ivan; description:Spider Man:Dude)'
16:19:51 [main] STEP  JDI - Assert that 'User Table' has exactly '1' 'MarvelUserInfo(number:2; type:User; user:Sergey Ivan; description:Spider Man:Dude)'
